2023-12-10 09:01:01.887  INFO 39014 --- [main] com.example.demo.SareetaApplication      : Starting SareetaApplication on Nguyens-MacBook-Air.local with PID 39014 (/Users/nguyenhai/Documents/Udacity/Java Web Developer/nd035-c4-Security-and-DevOps-security/starter_code/target/classes started by nguyenhai in /Users/nguyenhai/Documents/Udacity/Java Web Developer/nd035-c4-Security-and-DevOps-security/starter_code)
2023-12-10 09:01:01.890  INFO 39014 --- [main] com.example.demo.SareetaApplication      : No active profile set, falling back to default profiles: default
2023-12-10 09:01:02.163  INFO 39014 --- [main] .s.d.r.c.RepositoryConfigurationDelegate : Bootstrapping Spring Data JPA repositories in DEFAULT mode.
2023-12-10 09:01:02.194  INFO 39014 --- [main] .s.d.r.c.RepositoryConfigurationDelegate : Finished Spring Data repository scanning in 21ms. Found 4 JPA repository interfaces.
2023-12-10 09:01:02.547  INFO 39014 --- [main] o.s.b.w.embedded.tomcat.TomcatWebServer  : Tomcat initialized with port(s): 8083 (http)
2023-12-10 09:01:02.556  INFO 39014 --- [main] o.apache.catalina.core.StandardService   : Starting service [Tomcat]
2023-12-10 09:01:02.556  INFO 39014 --- [main] org.apache.catalina.core.StandardEngine  : Starting Servlet engine: [Apache Tomcat/9.0.37]
2023-12-10 09:01:02.602  INFO 39014 --- [main] o.a.c.c.C.[Tomcat].[localhost].[/]       : Initializing Spring embedded WebApplicationContext
2023-12-10 09:01:02.602  INFO 39014 --- [main] w.s.c.ServletWebServerApplicationContext : Root WebApplicationContext: initialization completed in 685 ms
2023-12-10 09:01:02.722  INFO 39014 --- [main] o.hibernate.jpa.internal.util.LogHelper  : HHH000204: Processing PersistenceUnitInfo [name: default]
2023-12-10 09:01:02.748  INFO 39014 --- [main] org.hibernate.Version                    : HHH000412: Hibernate ORM core version 5.4.18.Final
2023-12-10 09:01:02.817  INFO 39014 --- [main] o.hibernate.annotations.common.Version   : HCANN000001: Hibernate Commons Annotations {5.1.0.Final}
2023-12-10 09:01:02.862  INFO 39014 --- [main] com.zaxxer.hikari.HikariDataSource       : HikariPool-1 - Starting...
2023-12-10 09:01:02.948  INFO 39014 --- [main] com.zaxxer.hikari.HikariDataSource       : HikariPool-1 - Start completed.
2023-12-10 09:01:02.959  INFO 39014 --- [main] org.hibernate.dialect.Dialect            : HHH000400: Using dialect: org.hibernate.dialect.H2Dialect
2023-12-10 09:01:03.327  INFO 39014 --- [main] o.h.e.t.j.p.i.JtaPlatformInitiator       : HHH000490: Using JtaPlatform implementation: [org.hibernate.engine.transaction.jta.platform.internal.NoJtaPlatform]
2023-12-10 09:01:03.330  INFO 39014 --- [main] j.LocalContainerEntityManagerFactoryBean : Initialized JPA EntityManagerFactory for persistence unit 'default'
2023-12-10 09:01:03.490  WARN 39014 --- [main] JpaBaseConfiguration$JpaWebConfiguration : spring.jpa.open-in-view is enabled by default. Therefore, database queries may be performed during view rendering. Explicitly configure spring.jpa.open-in-view to disable this warning
2023-12-10 09:01:03.713  INFO 39014 --- [main] o.s.s.web.DefaultSecurityFilterChain     : Creating filter chain: any request, [org.springframework.security.web.context.request.async.WebAsyncManagerIntegrationFilter@4769537a, org.springframework.security.web.context.SecurityContextPersistenceFilter@6ac2c5a1, org.springframework.security.web.header.HeaderWriterFilter@38856d6e, org.springframework.web.filter.CorsFilter@4504a4ed, org.springframework.security.web.authentication.logout.LogoutFilter@3aed692d, com.example.demo.security.JWTAuthenticationFilter@7ee3a2ed, com.example.demo.security.JWTAuthenticationVerficationFilter@38363e96, org.springframework.security.web.savedrequest.RequestCacheAwareFilter@66589252, org.springframework.security.web.servletapi.SecurityContextHolderAwareRequestFilter@6b576ff8, org.springframework.security.web.authentication.AnonymousAuthenticationFilter@35c95869, org.springframework.security.web.session.SessionManagementFilter@1dd9a3ae, org.springframework.security.web.access.ExceptionTranslationFilter@165454f7, org.springframework.security.web.access.intercept.FilterSecurityInterceptor@af94b0b]
2023-12-10 09:01:03.736  INFO 39014 --- [main] o.s.s.concurrent.ThreadPoolTaskExecutor  : Initializing ExecutorService 'applicationTaskExecutor'
2023-12-10 09:01:03.804  INFO 39014 --- [main] o.s.b.w.embedded.tomcat.TomcatWebServer  : Tomcat started on port(s): 8083 (http) with context path ''
2023-12-10 09:01:03.809  INFO 39014 --- [main] com.example.demo.SareetaApplication      : Started SareetaApplication in 7.214 seconds (JVM running for 7.471)
2023-12-10 09:01:20.073  INFO 39014 --- [http-nio-8083-exec-2] o.a.c.c.C.[Tomcat].[localhost].[/]       : Initializing Spring DispatcherServlet 'dispatcherServlet'
2023-12-10 09:01:20.075  INFO 39014 --- [http-nio-8083-exec-2] o.s.web.servlet.DispatcherServlet        : Initializing Servlet 'dispatcherServlet'
2023-12-10 09:01:20.085  INFO 39014 --- [http-nio-8083-exec-2] o.s.web.servlet.DispatcherServlet        : Completed initialization in 10 ms
2023-12-10 09:01:20.145 ERROR 39014 --- [http-nio-8083-exec-2] c.e.demo.controllers.UserController      : Method: createUser, Username: hain2, Status: FAIL
2023-12-10 09:02:12.356  INFO 39014 --- [http-nio-8083-exec-4] c.e.demo.controllers.UserController      : Method: createUser, Username: hain2, Status: SUCCESS
2023-12-10 09:09:25.059  INFO 39014 --- [http-nio-8083-exec-2] c.e.demo.controllers.OrderController     : Method: submit, User: hain2, Status: SUCCESS
2023-12-10 09:09:46.159 ERROR 39014 --- [http-nio-8083-exec-4] c.e.demo.controllers.OrderController     : Method: submit, User: Not found, Status: FAIL
